[handleMsg]:  {
  key: {
    remoteJid: '51904727244@s.whatsapp.net',
    fromMe: false,
    id: '180FC9AF9F43049A90AC8427A6621D56',
    participant: undefined
  },
  messageTimestamp: 1749446778,
  pushName: 'Somos Marketing Perú',
  broadcast: false,
  message: Message {
    conversation: 'Hola',
    messageContextInfo: MessageContextInfo {
      deviceListMetadata: [DeviceListMetadata],
      deviceListMetadataVersion: 2,
      messageSecret: [Uint8Array]
    }
  },
  body: 'Hola',
  from: '51904727244'
}
[QUEUE_SE_ENVIO]:  {
  ref: 'ans_bd7f08cf-c508-46ed-aaf1-2ab528a44854',
  keyword: 'key_83f18826-c7e7-46b8-8e87-30300a626419',
  answer: '__call_action__',
  options: {
    media: null,
    buttons: [],
    capture: false,
    child: null,
    delay: 0,
    idle: null,
    ref: null,
    nested: [],
    keyword: {},
    callback: true
  },
  refSerialize: '5edcd5142bfe6bcb10e5f57eac79387d'
}
[QUEUE_SE_ENVIO]:  {
  ref: 'ans_2bc7925d-3cf1-48f2-929b-9fc4c48e5da8',
  keyword: 'ans_bd7f08cf-c508-46ed-aaf1-2ab528a44854',
  answer: 'Por favor, revisa nuestros *Términos y Condiciones (TyC)* adjuntos para continuar con el servicio. Una vez que los hayas leído, por favor, responde **Sí** a la siguiente pregunta si estás de acuerdo.',
  options: {
    media: null,
    buttons: [],
    capture: false,
    child: null,
    delay: 0,
    idle: null,
    ref: null,
    nested: [],
    keyword: {},
    callback: true
  },
  refSerialize: '71228807f161ec42ad9deb8c9887df0b'
}
[QUEUE_SE_ENVIO]:  {
  ref: 'ans_67fdf42d-ef93-425c-b3cf-fbd47a203379',
  keyword: 'ans_2bc7925d-3cf1-48f2-929b-9fc4c48e5da8',
  answer: '📌 **¿Estás de acuerdo con el servicio?** Responde **Sí** para continuar 🙌.',
  options: {
    media: null,
    buttons: [],
    capture: true,
    child: null,
    delay: 0,
    idle: null,
    ref: null,
    nested: [],
    keyword: {},
    callback: true
  },
  refSerialize: '8b1b27c469597ca98afb75e26df8c858'
}
[handleMsg]:  {
  key: {
    remoteJid: '51904727244@s.whatsapp.net',
    fromMe: false,
    id: '6F6B33AB1496AF719B153A3B56F258EB',
    participant: undefined
  },
  messageTimestamp: 1749446781,
  pushName: 'Somos Marketing Perú',
  broadcast: false,
  message: Message {
    conversation: 'Sí',
    messageContextInfo: MessageContextInfo {
      deviceListMetadata: [DeviceListMetadata],
      deviceListMetadataVersion: 2,
      messageSecret: [Uint8Array]
    }
  },
  body: 'Sí',
  from: '51904727244'
}
[handleMsg]:  {
  key: {
    remoteJid: '51904727244@s.whatsapp.net',
    fromMe: false,
    id: '272DB69754353BCE1470DBCFD234E5B1',
    participant: undefined
  },
  messageTimestamp: 1749446782,
  pushName: 'Somos Marketing Perú',
  broadcast: false,
  message: Message {
    conversation: 'Si',
    messageContextInfo: MessageContextInfo {
      deviceListMetadata: [DeviceListMetadata],
      deviceListMetadataVersion: 2,
      messageSecret: [Uint8Array]
    }
  },
  body: 'Si',
  from: '51904727244'
}
[handleMsg]:  {
  key: {
    remoteJid: '51904727244@s.whatsapp.net',
    fromMe: false,
    id: '7B5B6B271685D98DC2434BC1BA65D14D',
    participant: undefined
  },
  messageTimestamp: 1749446788,
  pushName: 'Somos Marketing Perú',
  broadcast: false,
  message: Message {
    conversation: '77079262',
    messageContextInfo: MessageContextInfo {
      deviceListMetadata: [DeviceListMetadata],
      deviceListMetadataVersion: 2,
      messageSecret: [Uint8Array]
    }
  },
  body: '77079262',
  from: '51904727244'
}
[handleMsg]:  {
  key: {
    remoteJid: '51904727244@s.whatsapp.net',
    fromMe: false,
    id: '1FB9E38557E258914C8537D07F59F7EC',
    participant: undefined
  },
  messageTimestamp: 1749446790,
  pushName: 'Somos Marketing Perú',
  broadcast: false,
  message: Message {
    conversation: '8',
    messageContextInfo: MessageContextInfo {
      deviceListMetadata: [DeviceListMetadata],
      deviceListMetadataVersion: 2,
      messageSecret: [Uint8Array]
    }
  },
  body: '8',
  from: '51904727244'
}
[handleMsg]:  {
  key: {
    remoteJid: '51904727244@s.whatsapp.net',
    fromMe: false,
    id: '4C510FC89B3E5DC42B292EACA002CB59',
    participant: undefined
  },
  messageTimestamp: 1749446794,
  pushName: 'Somos Marketing Perú',
  broadcast: false,
  message: Message {
    conversation: '1',
    messageContextInfo: MessageContextInfo {
      deviceListMetadata: [DeviceListMetadata],
      deviceListMetadataVersion: 2,
      messageSecret: [Uint8Array]
    }
  },
  body: '1',
  from: '51904727244'
}
[handleMsg]:  {
  key: {
    remoteJid: '51904727244@s.whatsapp.net',
    fromMe: false,
    id: 'D1D3140ACCF91D6E18B69851E1C2306B',
    participant: undefined
  },
  messageTimestamp: 1749446796,
  pushName: 'Somos Marketing Perú',
  broadcast: false,
  message: Message {
    conversation: '1',
    messageContextInfo: MessageContextInfo {
      deviceListMetadata: [DeviceListMetadata],
      deviceListMetadataVersion: 2,
      messageSecret: [Uint8Array]
    }
  },
  body: '1',
  from: '51904727244'
}
[handleMsg]:  {
  key: {
    remoteJid: '51904727244@s.whatsapp.net',
    fromMe: false,
    id: 'ECEE8576D2616848E876FB4BF9F8024A',
    participant: undefined
  },
  messageTimestamp: 1749446802,
  pushName: 'Somos Marketing Perú',
  broadcast: false,
  message: Message {
    conversation: 'Tarapacá 260',
    messageContextInfo: MessageContextInfo {
      deviceListMetadata: [DeviceListMetadata],
      deviceListMetadataVersion: 2,
      messageSecret: [Uint8Array]
    }
  },
  body: 'Tarapacá 260',
  from: '51904727244'
}
[handleMsg]:  {
  key: {
    remoteJid: '51904727244@s.whatsapp.net',
    fromMe: false,
    id: '3274DFF4F98BFFFB3DFD01839574C66A',
    participant: undefined
  },
  messageTimestamp: 1749446807,
  pushName: 'Somos Marketing Perú',
  broadcast: false,
  message: Message {
    conversation: 'Magdalena del mar',
    messageContextInfo: MessageContextInfo {
      deviceListMetadata: [DeviceListMetadata],
      deviceListMetadataVersion: 2,
      messageSecret: [Uint8Array]
    }
  },
  body: 'Magdalena del mar',
  from: '51904727244'
}
[handleMsg]:  {
  key: {
    remoteJid: '51904727244@s.whatsapp.net',
    fromMe: false,
    id: '36C06AC423ABDD09A64719F08A31A522',
    participant: undefined
  },
  messageTimestamp: 1749446813,
  pushName: 'Somos Marketing Perú',
  broadcast: false,
  message: Message {
    conversation: '9999m2',
    messageContextInfo: MessageContextInfo {
      deviceListMetadata: [DeviceListMetadata],
      deviceListMetadataVersion: 2,
      messageSecret: [Uint8Array]
    }
  },
  body: '9999m2',
  from: '51904727244'
}
[handleMsg]:  {
  key: {
    remoteJid: '51904727244@s.whatsapp.net',
    fromMe: false,
    id: '93091EDB4ED09910436FCCCE26D33148',
    participant: undefined
  },
  messageTimestamp: 1749446825,
  pushName: 'Somos Marketing Perú',
  broadcast: false,
  message: Message {
    conversation: 'Hola quiero ese país para mí',
    messageContextInfo: MessageContextInfo {
      deviceListMetadata: [DeviceListMetadata],
      deviceListMetadataVersion: 2,
      messageSecret: [Uint8Array]
    }
  },
  body: 'Hola quiero ese país para mí',
  from: '51904727244'
}
[handleMsg]:  {
  key: {
    remoteJid: '51904727244@s.whatsapp.net',
    fromMe: false,
    id: 'ABB6F25DC6AF01AA9C5140A8410DA9BF',
    participant: undefined
  },
  messageTimestamp: 1749446828,
  pushName: 'Somos Marketing Perú',
  broadcast: false,
  message: Message {
    conversation: 'No',
    messageContextInfo: MessageContextInfo {
      deviceListMetadata: [DeviceListMetadata],
      deviceListMetadataVersion: 2,
      messageSecret: [Uint8Array]
    }
  },
  body: 'No',
  from: '51904727244'
}
[handleMsg]:  {
  key: {
    remoteJid: '51904727244@s.whatsapp.net',
    fromMe: false,
    id: '32ED683139EA2FDE655FEFF61915895C',
    participant: undefined
  },
  messageTimestamp: 1749446832,
  pushName: 'Somos Marketing Perú',
  broadcast: false,
  message: Message {
    conversation: 'Linkedin.josericardo@gmail.com',
    messageContextInfo: MessageContextInfo {
      deviceListMetadata: [DeviceListMetadata],
      deviceListMetadataVersion: 2,
      messageSecret: [Uint8Array]
    }
  },
  body: 'Linkedin.josericardo@gmail.com',
  from: '51904727244'
}
